make all --print-data-base --no-builtin-variables --no-builtin-rules --question
# GNU Make 3.81
# Copyright (C) 2006  Free Software Foundation, Inc.
# This is free software; see the source for copying conditions.
# There is NO warranty; not even for MERCHANTABILITY or FITNESS FOR A
# PARTICULAR PURPOSE.

# This program built for i386-apple-darwin11.3.0

# Make data base, printed on Sun May  8 16:54:20 2022

# Variables

# automatic
<D = $(patsubst %/,%,$(dir $<))
# automatic
?F = $(notdir $?)
# environment
VSCODE_LOG_NATIVE = false
# automatic
?D = $(patsubst %/,%,$(dir $?))
# automatic
@D = $(patsubst %/,%,$(dir $@))
# automatic
@F = $(notdir $@)
# makefile
CURDIR := /Users/lochyin/Documents/University/Leiden/Pre-Master/Blok 2/Algoritmiek/Assignment 2/algoritmiek2
# makefile
SHELL = /bin/sh
# makefile (from `Makefile', line 3)
CompileParms = -c -Wall -Wextra -std=c++11 -O2
# environment
VSCODE_NLS_CONFIG = {"locale":"en-gb","availableLanguages":{},"_languagePackSupport":true}
# environment
_ = /usr/bin/make
# makefile (from `Makefile', line 1)
MAKEFILE_LIST :=  Makefile
# environment
VSCODE_VERBOSE_LOGGING = true
# environment
__CFBundleIdentifier = com.microsoft.VSCode
# environment
VSCODE_IPC_HOOK_EXTHOST = /var/folders/ts/nw370vg90kl7568vjwqcrqt40000gn/T/vscode-ipc-2f3624a8-d9ef-47dd-8480-31be5df97d9c.sock
# environment
VSCODE_CWD = /
# environment
PATH = /Users/lochyin/.nvm/versions/node/v16.10.0/bin:/Users/lochyin/.rbenv/shims:/users/lochyin/documents/programs/dart-sass/bin:/Library/Frameworks/Python.framework/Versions/3.7/bin:/usr/local/bin:/usr/bin:/bin:/usr/sbin:/sbin:/opt/X11/bin:/Applications/Postgres.app/Contents/Versions/latest/bin
# environment
NVM_BIN = /Users/lochyin/.nvm/versions/node/v16.10.0/bin
# environment
LaunchInstanceID = D0ECF767-EBCA-4C0C-AFDD-8021BEFCC903
# environment
VSCODE_LOG_STACK = false
# environment
ELECTRON_RUN_AS_NODE = 1
# default
.FEATURES := target-specific order-only second-expansion else-if archives jobserver check-symlink
# environment
SSH_AUTH_SOCK = /private/tmp/com.apple.launchd.LkH2Iirub1/Listeners
# automatic
%F = $(notdir $%)
# environment
DISPLAY = /private/tmp/com.apple.launchd.HgKUsiy3HO/org.macosforge.xquartz:0
# environment
VSCODE_PIPE_LOGGING = true
# makefile (from `Makefile', line 5)
OBJS = standaard.o schema.o main.o
# environment
PWD = /Users/lochyin/Documents/University/Leiden/Pre-Master/Blok 2/Algoritmiek/Assignment 2/algoritmiek2
# environment
ORIGINAL_XDG_CURRENT_DESKTOP = undefined
# environment
VSCODE_AMD_ENTRYPOINT = vs/workbench/api/node/extensionHostProcess
# environment
HOME = /Users/lochyin
# default
MAKEFILEPATH = $(shell /usr/bin/xcode-select -print-path 2>/dev/null || echo /Developer)/Makefiles
# environment
VSCODE_CODE_CACHE_PATH = /Users/lochyin/Library/Application Support/Code/CachedData/dfd34e8260c270da74b5c2d86d61aee4b6d56977
# environment
LOGNAME = lochyin
# environment
APPLICATION_INSIGHTS_NO_DIAGNOSTIC_CHANNEL = 1
# environment
NVM_CD_FLAGS = 
# environment
VSCODE_HANDLES_UNCAUGHT_ERRORS = true
# automatic
^D = $(patsubst %/,%,$(dir $^))
# environment
XPC_FLAGS = 0x0
# default
MAKE = $(MAKE_COMMAND)
# default
MAKECMDGOALS := all
# environment
SHLVL = 2
# makefile (from `Makefile', line 1)
CC = g++
# default
MAKE_VERSION := 3.81
# environment
USER = lochyin
# makefile
.DEFAULT_GOAL := Opdr
# automatic
%D = $(patsubst %/,%,$(dir $%))
# default
MAKE_COMMAND := /Library/Developer/CommandLineTools/usr/bin/make
# default
.VARIABLES := 
# environment
TMPDIR = /var/folders/ts/nw370vg90kl7568vjwqcrqt40000gn/T/
# automatic
*F = $(notdir $*)
# environment
VSCODE_IPC_HOOK = /Users/lochyin/Library/Application Support/Code/1.66.2-main.sock
# makefile
MAKEFLAGS = Rrqp
# environment
MFLAGS = -Rrqp
# automatic
*D = $(patsubst %/,%,$(dir $*))
# environment
NVM_DIR = /Users/lochyin/.nvm
# environment
XPC_SERVICE_NAME = application.com.microsoft.VSCode.121771041.121771047
# automatic
+D = $(patsubst %/,%,$(dir $+))
# automatic
+F = $(notdir $+)
# environment
__CF_USER_TEXT_ENCODING = 0x1F5:0x0:0x0
# environment
COMMAND_MODE = unix2003
# default
MAKEFILES := 
# environment
RBENV_SHELL = bash
# automatic
<F = $(notdir $<)
# environment
LC_ALL = C
# environment
SECURITYSESSIONID = 186a3
# automatic
^F = $(notdir $^)
# default
SUFFIXES := 
# default
.INCLUDE_DIRS = /usr/local/include
# environment
MAKELEVEL := 0
# environment
LANG = C
# environment
TERM = xterm-color
# environment
VSCODE_PID = 536
# variable set hash-table stats:
# Load=73/1024=7%, Rehash=0, Collisions=6/98=6%

# Pattern-specific Variable Values

# No pattern-specific variable values.

# Directories

# . (device 16777220, inode 122836971): 25 files, no impossibilities.

# 25 files, no impossibilities in 1 directories.

# Implicit Rules

# No implicit rules.

# Files

# Not a target:
all:
#  Command-line target.
#  Implicit rule search has been done.
#  File does not exist.
#  File has not been updated.
# variable set hash-table stats:
# Load=0/32=0%, Rehash=0, Collisions=0/0=0%

schema.o: schema.cc standaard.h constantes.h schema.h
#  Implicit rule search has not been done.
#  Modification time never checked.
#  File has not been updated.
#  commands to execute (from `Makefile', line 14):
	$(CC) $(CompileParms)  schema.cc
	

# Not a target:
.SUFFIXES:
#  Implicit rule search has not been done.
#  Modification time never checked.
#  File has not been updated.

# Not a target:
Makefile:
#  Implicit rule search has been done.
#  Last modified 2022-05-03 16:11:11
#  File has been updated.
#  Successfully updated.
# variable set hash-table stats:
# Load=0/32=0%, Rehash=0, Collisions=0/0=0%

Opdr: standaard.o schema.o main.o
#  Implicit rule search has not been done.
#  Modification time never checked.
#  File has not been updated.
#  commands to execute (from `Makefile', line 8):
	$(CC) $(OBJS) -o Schema
	

# Not a target:
schema.cc:
#  Implicit rule search has not been done.
#  Modification time never checked.
#  File has not been updated.

standaard.o: standaard.cc standaard.h
#  Implicit rule search has not been done.
#  Modification time never checked.
#  File has not been updated.
#  commands to execute (from `Makefile', line 11):
	$(CC) $(CompileParms)  standaard.cc
	

# Not a target:
standaard.cc:
#  Implicit rule search has not been done.
#  Modification time never checked.
#  File has not been updated.

# Not a target:
.DEFAULT:
#  Implicit rule search has not been done.
#  Modification time never checked.
#  File has not been updated.

# Not a target:
constantes.h:
#  Implicit rule search has not been done.
#  Modification time never checked.
#  File has not been updated.

# Not a target:
schema.h:
#  Implicit rule search has not been done.
#  Modification time never checked.
#  File has not been updated.

main.o: main.cc standaard.h constantes.h schema.h
#  Implicit rule search has not been done.
#  Modification time never checked.
#  File has not been updated.
#  commands to execute (from `Makefile', line 17):
	$(CC) $(CompileParms)  main.cc
	

# Not a target:
standaard.h:
#  Implicit rule search has not been done.
#  Modification time never checked.
#  File has not been updated.

# Not a target:
main.cc:
#  Implicit rule search has not been done.
#  Modification time never checked.
#  File has not been updated.

# files hash-table stats:
# Load=14/1024=1%, Rehash=0, Collisions=0/39=0%
# VPATH Search Paths

# No `vpath' search paths.

# No general (`VPATH' variable) search path.

# # of strings in strcache: 1
# # of strcache buffers: 1
# strcache size: total = 4096 / max = 4096 / min = 4096 / avg = 4096
# strcache free: total = 4087 / max = 4087 / min = 4087 / avg = 4087

# Finished Make data base on Sun May  8 16:54:20 2022

 
make: *** No rule to make target `all'.  Stop.

